[2025-05-03 19:52:08] Starting S.P.O.C. pipeline.
[2025-05-03 19:52:08] Recording audio buffer.
[2025-05-03 19:52:12] Audio recorded. Extracting features.
[2025-05-03 19:52:12] Extracted 0 feature blocks.
[2025-05-03 19:52:12] Generated XML output.
[2025-05-03 19:52:12] Generated compressed notation output.
[2025-05-03 19:52:57] Starting S.P.O.C. pipeline.
[2025-05-03 19:52:57] Recording audio buffer.
[2025-05-03 19:53:06] Audio recorded. Extracting features.
[2025-05-03 19:53:07] Extracted 4 feature blocks.
[2025-05-03 19:53:07] Generated XML output.
[2025-05-03 19:53:07] Generated compressed notation output.
[2025-05-03 19:54:55] Starting S.P.O.C. pipeline.
[2025-05-03 19:54:55] Recording audio buffer.
[2025-05-03 19:55:05] Audio recorded. Transcribing.
[2025-05-03 19:55:07] Transcribed text:  Hello people, what is your name? Oh my
[2025-05-03 19:55:07] Extracting features.
[2025-05-03 19:55:08] Extracted 6 feature blocks.
[2025-05-03 19:55:08] Generated XML output.
[2025-05-03 19:55:08] Generated compressed notation output.
[2025-05-03 19:56:05] Starting S.P.O.C. pipeline.
[2025-05-03 19:56:05] Recording audio buffer.
[2025-05-03 19:56:15] Audio recorded. Transcribing.
[2025-05-03 19:56:16] Transcribed text:  Oh my God!
[2025-05-03 19:56:16] Extracting features.
[2025-05-03 19:56:16] Extracted 3 feature blocks.
[2025-05-03 19:56:16] Generated XML output.
[2025-05-03 19:56:16] Generated compressed notation output: word1(F3,10,l,n) word2(D3,10,m,l) word3(G#3,10,m,m)
[2025-05-03 19:56:16] Copy-paste test line: TRANSCRIPT: Oh my God! | S.P.O.C.: word1(F3,10,l,n) word2(D3,10,m,l) word3(G#3,10,m,m)
